{
  "RSpec": {
    "coverage": {
      "/Users/textchimp/wdi/classwork/week10/fruitstore-rails-tdd/spec/views/fruits/index.html.erb_spec.rb": [
        1,
        null,
        1,
        null,
        null,
        null,
        1,
        1,
        8,
        2,
        null,
        null,
        1,
        0,
        null,
        null,
        1,
        0,
        0,
        null,
        null,
        null,
        null,
        null,
        null
      ],
      "/Users/textchimp/wdi/classwork/week10/fruitstore-rails-tdd/spec/rails_helper.rb": [
        null,
        1,
        1,
        1,
        null,
        1,
        1,
        null,
        null,
        null,
        null,
        null,
        null,
        null,
        null,
        null,
        null,
        null,
        null,
        null,
        null,
        null,
        null,
        null,
        null,
        null,
        null,
        null,
        null,
        null,
        null,
        null,
        null,
        null,
        null,
        null,
        null,
        null,
        null,
        1,
        null,
        1,
        null,
        1,
        null,
        null,
        null,
        null,
        1,
        null,
        null,
        null,
        null,
        null,
        null,
        null,
        null,
        null,
        null,
        null,
        null,
        null,
        null,
        1,
        null,
        null,
        1,
        null,
        null,
        null,
        null,
        1,
        1,
        null,
        1,
        null,
        null,
        null,
        1,
        null,
        null
      ],
      "/Users/textchimp/wdi/classwork/week10/fruitstore-rails-tdd/config/environment.rb": [
        null,
        1,
        null,
        null,
        1
      ],
      "/Users/textchimp/wdi/classwork/week10/fruitstore-rails-tdd/config/application.rb": [
        1,
        null,
        1,
        null,
        1,
        1,
        1,
        1,
        1,
        1,
        1,
        1,
        null,
        null,
        null,
        null,
        1,
        null,
        1,
        1,
        null,
        null,
        null,
        null,
        null
      ],
      "/Users/textchimp/wdi/classwork/week10/fruitstore-rails-tdd/config/boot.rb": [
        1,
        null,
        1
      ],
      "/Users/textchimp/wdi/classwork/week10/fruitstore-rails-tdd/config/environments/test.rb": [
        1,
        null,
        null,
        null,
        null,
        null,
        null,
        1,
        null,
        null,
        null,
        null,
        1,
        null,
        null,
        1,
        1,
        null,
        null,
        null,
        null,
        1,
        1,
        null,
        null,
        1,
        null,
        null,
        1,
        1,
        null,
        null,
        null,
        null,
        1,
        null,
        null,
        1,
        null,
        null,
        null,
        null
      ],
      "/Users/textchimp/wdi/classwork/week10/fruitstore-rails-tdd/config/initializers/application_controller_renderer.rb": [
        null,
        null,
        null,
        null,
        null,
        null
      ],
      "/Users/textchimp/wdi/classwork/week10/fruitstore-rails-tdd/config/initializers/assets.rb": [
        null,
        null,
        null,
        1,
        null,
        null,
        null,
        null,
        null,
        null,
        null
      ],
      "/Users/textchimp/wdi/classwork/week10/fruitstore-rails-tdd/config/initializers/backtrace_silencers.rb": [
        null,
        null,
        null,
        null,
        null,
        null,
        null
      ],
      "/Users/textchimp/wdi/classwork/week10/fruitstore-rails-tdd/config/initializers/cookies_serializer.rb": [
        null,
        null,
        null,
        null,
        1
      ],
      "/Users/textchimp/wdi/classwork/week10/fruitstore-rails-tdd/config/initializers/filter_parameter_logging.rb": [
        null,
        null,
        null,
        1
      ],
      "/Users/textchimp/wdi/classwork/week10/fruitstore-rails-tdd/config/initializers/inflections.rb": [
        null,
        null,
        null,
        null,
        null,
        null,
        null,
        null,
        null,
        null,
        null,
        null,
        null,
        null,
        null,
        null
      ],
      "/Users/textchimp/wdi/classwork/week10/fruitstore-rails-tdd/config/initializers/mime_types.rb": [
        null,
        null,
        null,
        null
      ],
      "/Users/textchimp/wdi/classwork/week10/fruitstore-rails-tdd/config/initializers/new_framework_defaults.rb": [
        null,
        null,
        null,
        null,
        null,
        null,
        1,
        null,
        null,
        1,
        null,
        null,
        1,
        null,
        null,
        null,
        1,
        null,
        null,
        1,
        null,
        null,
        1,
        null,
        null,
        1
      ],
      "/Users/textchimp/wdi/classwork/week10/fruitstore-rails-tdd/config/initializers/session_store.rb": [
        null,
        null,
        1
      ],
      "/Users/textchimp/wdi/classwork/week10/fruitstore-rails-tdd/config/initializers/wrap_parameters.rb": [
        null,
        null,
        null,
        null,
        null,
        null,
        1,
        2,
        null,
        null,
        null,
        null,
        null,
        null
      ],
      "/Users/textchimp/wdi/classwork/week10/fruitstore-rails-tdd/app/helpers/application_helper.rb": [
        1,
        null
      ],
      "/Users/textchimp/wdi/classwork/week10/fruitstore-rails-tdd/app/helpers/fruits_helper.rb": [
        1,
        null
      ],
      "/Users/textchimp/wdi/classwork/week10/fruitstore-rails-tdd/app/helpers/peaches_helper.rb": [
        1,
        null
      ],
      "/Users/textchimp/wdi/classwork/week10/fruitstore-rails-tdd/config/routes.rb": [
        1,
        null,
        1,
        null,
        1,
        null,
        null
      ],
      "/Users/textchimp/wdi/classwork/week10/fruitstore-rails-tdd/spec/views/peaches/edit.html.erb_spec.rb": [
        1,
        null,
        1,
        1,
        1,
        null,
        null,
        null,
        null,
        1,
        1,
        null,
        1,
        null,
        1,
        null,
        null,
        null
      ],
      "/Users/textchimp/wdi/classwork/week10/fruitstore-rails-tdd/spec/views/peaches/index.html.erb_spec.rb": [
        1,
        null,
        1,
        1,
        1,
        null,
        null,
        null,
        null,
        null,
        null,
        null,
        null,
        null,
        1,
        1,
        1,
        null,
        null
      ],
      "/Users/textchimp/wdi/classwork/week10/fruitstore-rails-tdd/spec/views/peaches/new.html.erb_spec.rb": [
        1,
        null,
        1,
        1,
        1,
        null,
        null,
        null,
        null,
        1,
        1,
        null,
        1,
        null,
        1,
        null,
        null,
        null
      ],
      "/Users/textchimp/wdi/classwork/week10/fruitstore-rails-tdd/spec/views/peaches/show.html.erb_spec.rb": [
        1,
        null,
        1,
        1,
        1,
        null,
        null,
        null,
        null,
        1,
        1,
        1,
        null,
        null
      ],
      "/Users/textchimp/wdi/classwork/week10/fruitstore-rails-tdd/app/models/fruit.rb": [
        1,
        null,
        1,
        null,
        1,
        null,
        1,
        0,
        null,
        null
      ],
      "/Users/textchimp/wdi/classwork/week10/fruitstore-rails-tdd/app/models/application_record.rb": [
        1,
        1,
        null
      ],
      "/Users/textchimp/wdi/classwork/week10/fruitstore-rails-tdd/app/models/peach.rb": [
        1,
        null
      ]
    },
    "timestamp": 1500805578
  }
}
